SF:lib/features/authenticaiton/domain/use_cases/get_user_usecase.dart
DA:10,0
DA:12,0
DA:14,0
LF:3
LH:0
end_of_record
SF:lib/features/authenticaiton/domain/use_cases/is_authenticated_usecase.dart
DA:10,0
DA:12,0
DA:14,0
LF:3
LH:0
end_of_record
SF:lib/features/authenticaiton/domain/use_cases/login_usecase.dart
DA:12,0
DA:13,0
DA:15,0
LF:3
LH:0
end_of_record
SF:lib/features/authenticaiton/domain/use_cases/logout_usecase.dart
DA:10,0
DA:11,0
DA:13,0
LF:3
LH:0
end_of_record
SF:lib/features/authenticaiton/presentation/bloc/auth_bloc.dart
DA:17,1
DA:22,2
DA:23,2
DA:26,0
DA:27,0
LF:5
LH:3
end_of_record
SF:lib/features/authenticaiton/presentation/bloc/auth_event.dart
DA:6,0
DA:7,0
DA:13,0
DA:17,0
DA:18,0
DA:23,0
DA:24,0
DA:25,0
LF:8
LH:0
end_of_record
SF:lib/features/authenticaiton/presentation/bloc/auth_state.dart
DA:5,0
DA:6,0
DA:10,0
DA:11,0
DA:15,0
DA:16,0
DA:20,0
DA:21,0
DA:25,0
DA:26,0
DA:31,0
DA:33,0
DA:34,0
LF:13
LH:0
end_of_record
SF:lib/core/errors/failures.dart
DA:5,0
DA:10,0
DA:12,0
DA:13,0
DA:18,0
DA:20,0
DA:21,0
DA:26,0
DA:28,0
DA:29,0
LF:10
LH:0
end_of_record
SF:lib/features/authenticaiton/domain/entities/app_user.dart
DA:6,0
DA:8,0
DA:9,0
LF:3
LH:0
end_of_record
SF:lib/core/usecases/usecase.dart
DA:10,0
DA:11,0
DA:17,0
DA:22,0
DA:23,0
LF:5
LH:0
end_of_record
